2022-01-18 13:02:59,399 INFO  main BarcodeApplication : logStarting : 55 - Starting BarcodeApplication using Java 1.8.0_312 on ruslan-System-Product-Name with PID 13340 (/home/ruslan/petProjects/MyPetProjects/Barcode/barcode-spring/target/classes started by ruslan in /home/ruslan/petProjects/MyPetProjects/Barcode)
2022-01-18 13:02:59,402 DEBUG main BarcodeApplication : logStarting : 56 - Running with Spring Boot v2.4.5, Spring v5.3.6
2022-01-18 13:02:59,402 INFO  main BarcodeApplication : logStartupProfileInfo : 675 - No active profile set, falling back to default profiles: default
2022-01-18 13:02:59,855 INFO  main TomcatWebServer : initialize : 108 - Tomcat initialized with port(s): 8081 (http)
2022-01-18 13:02:59,859 INFO  main Http11NioProtocol : log : 173 - Initializing ProtocolHandler ["http-nio-8081"]
2022-01-18 13:02:59,859 INFO  main StandardService : log : 173 - Starting service [Tomcat]
2022-01-18 13:02:59,859 INFO  main StandardEngine : log : 173 - Starting Servlet engine: [Apache Tomcat/9.0.45]
2022-01-18 13:02:59,887 INFO  main [/] : log : 173 - Initializing Spring embedded WebApplicationContext
2022-01-18 13:02:59,887 INFO  main ServletWebServerApplicationContext : prepareWebApplicationContext : 289 - Root WebApplicationContext: initialization completed in 459 ms
2022-01-18 13:02:59,976 INFO  main ThreadPoolTaskExecutor : initialize : 181 - Initializing ExecutorService 'applicationTaskExecutor'
2022-01-18 13:03:00,076 INFO  main Http11NioProtocol : log : 173 - Starting ProtocolHandler ["http-nio-8081"]
2022-01-18 13:03:00,082 INFO  main TomcatWebServer : start : 220 - Tomcat started on port(s): 8081 (http) with context path ''
2022-01-18 13:03:00,089 INFO  main BarcodeApplication : logStarted : 61 - Started BarcodeApplication in 0.967 seconds (JVM running for 1.438)
2022-01-18 13:03:56,731 INFO  SpringContextShutdownHook ThreadPoolTaskExecutor : shutdown : 218 - Shutting down ExecutorService 'applicationTaskExecutor'
2022-01-18 13:52:05,060 INFO  main BarcodeApplication : logStarting : 55 - Starting BarcodeApplication using Java 1.8.0_312 on ruslan-System-Product-Name with PID 20628 (/home/ruslan/petProjects/MyPetProjects/Barcode/barcode-spring/target/classes started by ruslan in /home/ruslan/petProjects/MyPetProjects/Barcode)
2022-01-18 13:52:05,061 DEBUG main BarcodeApplication : logStarting : 56 - Running with Spring Boot v2.4.5, Spring v5.3.6
2022-01-18 13:52:05,061 INFO  main BarcodeApplication : logStartupProfileInfo : 675 - No active profile set, falling back to default profiles: default
2022-01-18 13:52:05,488 INFO  main TomcatWebServer : initialize : 108 - Tomcat initialized with port(s): 8081 (http)
2022-01-18 13:52:05,492 INFO  main Http11NioProtocol : log : 173 - Initializing ProtocolHandler ["http-nio-8081"]
2022-01-18 13:52:05,492 INFO  main StandardService : log : 173 - Starting service [Tomcat]
2022-01-18 13:52:05,492 INFO  main StandardEngine : log : 173 - Starting Servlet engine: [Apache Tomcat/9.0.45]
2022-01-18 13:52:05,518 INFO  main [/] : log : 173 - Initializing Spring embedded WebApplicationContext
2022-01-18 13:52:05,518 INFO  main ServletWebServerApplicationContext : prepareWebApplicationContext : 289 - Root WebApplicationContext: initialization completed in 434 ms
2022-01-18 13:52:05,601 INFO  main ThreadPoolTaskExecutor : initialize : 181 - Initializing ExecutorService 'applicationTaskExecutor'
2022-01-18 13:52:05,691 INFO  main Http11NioProtocol : log : 173 - Starting ProtocolHandler ["http-nio-8081"]
2022-01-18 13:52:05,697 INFO  main TomcatWebServer : start : 220 - Tomcat started on port(s): 8081 (http) with context path ''
2022-01-18 13:52:05,704 INFO  main BarcodeApplication : logStarted : 61 - Started BarcodeApplication in 0.853 seconds (JVM running for 1.2)
2022-01-18 14:07:38,164 INFO  http-nio-8081-exec-1 [/] : log : 173 - Initializing Spring DispatcherServlet 'dispatcherServlet'
2022-01-18 14:07:38,165 INFO  http-nio-8081-exec-1 DispatcherServlet : initServletBean : 525 - Initializing Servlet 'dispatcherServlet'
2022-01-18 14:07:38,165 INFO  http-nio-8081-exec-1 DispatcherServlet : initServletBean : 547 - Completed initialization in 0 ms
2022-01-18 14:07:38,193 ERROR http-nio-8081-exec-1 BarcodeController : processAddBarcode : 129 - SQLException 
java.sql.SQLException: No suitable driver found for jdbc:postgresql://localhost:5432/petprojects
	at java.sql.DriverManager.getConnection(DriverManager.java:689)
	at java.sql.DriverManager.getConnection(DriverManager.java:247)
	at ru.bashirov.fjproj.service.barcode.dao.BarcodeDao.getConnection(BarcodeDao.java:24)
	at ru.bashirov.fjproj.service.barcode.controller.BarcodeController.processAddBarcode(BarcodeController.java:126)
	at ru.bashirov.fjproj.service.barcode.controller.BarcodeController.addBarcode(BarcodeController.java:74)
	at sun.reflect.NativeMethodAccessorImpl.invoke0(Native Method)
	at sun.reflect.NativeMethodAccessorImpl.invoke(NativeMethodAccessorImpl.java:62)
	at sun.reflect.DelegatingMethodAccessorImpl.invoke(DelegatingMethodAccessorImpl.java:43)
	at java.lang.reflect.Method.invoke(Method.java:498)
	at org.springframework.web.method.support.InvocableHandlerMethod.doInvoke(InvocableHandlerMethod.java:197)
	at org.springframework.web.method.support.InvocableHandlerMethod.invokeForRequest(InvocableHandlerMethod.java:141)
	at org.springframework.web.servlet.mvc.method.annotation.ServletInvocableHandlerMethod.invokeAndHandle(ServletInvocableHandlerMethod.java:106)
	at org.springframework.web.servlet.mvc.method.annotation.RequestMappingHandlerAdapter.invokeHandlerMethod(RequestMappingHandlerAdapter.java:894)
	at org.springframework.web.servlet.mvc.method.annotation.RequestMappingHandlerAdapter.handleInternal(RequestMappingHandlerAdapter.java:808)
	at org.springframework.web.servlet.mvc.method.AbstractHandlerMethodAdapter.handle(AbstractHandlerMethodAdapter.java:87)
	at org.springframework.web.servlet.DispatcherServlet.doDispatch(DispatcherServlet.java:1060)
	at org.springframework.web.servlet.DispatcherServlet.doService(DispatcherServlet.java:962)
	at org.springframework.web.servlet.FrameworkServlet.processRequest(FrameworkServlet.java:1006)
	at org.springframework.web.servlet.FrameworkServlet.doGet(FrameworkServlet.java:898)
	at javax.servlet.http.HttpServlet.service(HttpServlet.java:626)
	at org.springframework.web.servlet.FrameworkServlet.service(FrameworkServlet.java:883)
	at javax.servlet.http.HttpServlet.service(HttpServlet.java:733)
	at org.apache.catalina.core.ApplicationFilterChain.internalDoFilter(ApplicationFilterChain.java:227)
	at org.apache.catalina.core.ApplicationFilterChain.doFilter(ApplicationFilterChain.java:162)
	at org.apache.tomcat.websocket.server.WsFilter.doFilter(WsFilter.java:53)
	at org.apache.catalina.core.ApplicationFilterChain.internalDoFilter(ApplicationFilterChain.java:189)
	at org.apache.catalina.core.ApplicationFilterChain.doFilter(ApplicationFilterChain.java:162)
	at org.springframework.web.filter.RequestContextFilter.doFilterInternal(RequestContextFilter.java:100)
	at org.springframework.web.filter.OncePerRequestFilter.doFilter(OncePerRequestFilter.java:119)
	at org.apache.catalina.core.ApplicationFilterChain.internalDoFilter(ApplicationFilterChain.java:189)
	at org.apache.catalina.core.ApplicationFilterChain.doFilter(ApplicationFilterChain.java:162)
	at org.springframework.web.filter.FormContentFilter.doFilterInternal(FormContentFilter.java:93)
	at org.springframework.web.filter.OncePerRequestFilter.doFilter(OncePerRequestFilter.java:119)
	at org.apache.catalina.core.ApplicationFilterChain.internalDoFilter(ApplicationFilterChain.java:189)
	at org.apache.catalina.core.ApplicationFilterChain.doFilter(ApplicationFilterChain.java:162)
	at org.springframework.web.filter.CharacterEncodingFilter.doFilterInternal(CharacterEncodingFilter.java:201)
	at org.springframework.web.filter.OncePerRequestFilter.doFilter(OncePerRequestFilter.java:119)
	at org.apache.catalina.core.ApplicationFilterChain.internalDoFilter(ApplicationFilterChain.java:189)
	at org.apache.catalina.core.ApplicationFilterChain.doFilter(ApplicationFilterChain.java:162)
	at org.apache.catalina.core.StandardWrapperValve.invoke(StandardWrapperValve.java:202)
	at org.apache.catalina.core.StandardContextValve.invoke(StandardContextValve.java:97)
	at org.apache.catalina.authenticator.AuthenticatorBase.invoke(AuthenticatorBase.java:542)
	at org.apache.catalina.core.StandardHostValve.invoke(StandardHostValve.java:143)
	at org.apache.catalina.valves.ErrorReportValve.invoke(ErrorReportValve.java:92)
	at org.apache.catalina.core.StandardEngineValve.invoke(StandardEngineValve.java:78)
	at org.apache.catalina.connector.CoyoteAdapter.service(CoyoteAdapter.java:357)
	at org.apache.coyote.http11.Http11Processor.service(Http11Processor.java:374)
	at org.apache.coyote.AbstractProcessorLight.process(AbstractProcessorLight.java:65)
	at org.apache.coyote.AbstractProtocol$ConnectionHandler.process(AbstractProtocol.java:893)
	at org.apache.tomcat.util.net.NioEndpoint$SocketProcessor.doRun(NioEndpoint.java:1707)
	at org.apache.tomcat.util.net.SocketProcessorBase.run(SocketProcessorBase.java:49)
	at java.util.concurrent.ThreadPoolExecutor.runWorker(ThreadPoolExecutor.java:1149)
	at java.util.concurrent.ThreadPoolExecutor$Worker.run(ThreadPoolExecutor.java:624)
	at org.apache.tomcat.util.threads.TaskThread$WrappingRunnable.run(TaskThread.java:61)
	at java.lang.Thread.run(Thread.java:748)
2022-01-18 14:11:24,744 INFO  SpringContextShutdownHook ThreadPoolTaskExecutor : shutdown : 218 - Shutting down ExecutorService 'applicationTaskExecutor'
2022-01-18 14:11:40,195 INFO  main BarcodeApplication : logStarting : 55 - Starting BarcodeApplication using Java 1.8.0_312 on ruslan-System-Product-Name with PID 24997 (/home/ruslan/petProjects/MyPetProjects/Barcode/barcode-spring/target/classes started by ruslan in /home/ruslan/petProjects/MyPetProjects/Barcode)
2022-01-18 14:11:40,197 DEBUG main BarcodeApplication : logStarting : 56 - Running with Spring Boot v2.4.5, Spring v5.3.6
2022-01-18 14:11:40,197 INFO  main BarcodeApplication : logStartupProfileInfo : 675 - No active profile set, falling back to default profiles: default
2022-01-18 14:11:40,612 INFO  main TomcatWebServer : initialize : 108 - Tomcat initialized with port(s): 8081 (http)
2022-01-18 14:11:40,616 INFO  main Http11NioProtocol : log : 173 - Initializing ProtocolHandler ["http-nio-8081"]
2022-01-18 14:11:40,616 INFO  main StandardService : log : 173 - Starting service [Tomcat]
2022-01-18 14:11:40,616 INFO  main StandardEngine : log : 173 - Starting Servlet engine: [Apache Tomcat/9.0.45]
2022-01-18 14:11:40,643 INFO  main [/] : log : 173 - Initializing Spring embedded WebApplicationContext
2022-01-18 14:11:40,643 INFO  main ServletWebServerApplicationContext : prepareWebApplicationContext : 289 - Root WebApplicationContext: initialization completed in 414 ms
2022-01-18 14:11:40,730 INFO  main ThreadPoolTaskExecutor : initialize : 181 - Initializing ExecutorService 'applicationTaskExecutor'
2022-01-18 14:11:40,816 INFO  main Http11NioProtocol : log : 173 - Starting ProtocolHandler ["http-nio-8081"]
2022-01-18 14:11:40,822 INFO  main TomcatWebServer : start : 220 - Tomcat started on port(s): 8081 (http) with context path ''
2022-01-18 14:11:40,828 INFO  main BarcodeApplication : logStarted : 61 - Started BarcodeApplication in 0.837 seconds (JVM running for 1.172)
2022-01-18 14:11:44,559 INFO  http-nio-8081-exec-1 [/] : log : 173 - Initializing Spring DispatcherServlet 'dispatcherServlet'
2022-01-18 14:11:44,560 INFO  http-nio-8081-exec-1 DispatcherServlet : initServletBean : 525 - Initializing Servlet 'dispatcherServlet'
2022-01-18 14:11:44,560 INFO  http-nio-8081-exec-1 DispatcherServlet : initServletBean : 547 - Completed initialization in 0 ms
2022-01-18 14:11:44,765 ERROR http-nio-8081-exec-1 BarcodeController : processAddBarcode : 129 - SQLException 
org.postgresql.util.PSQLException: No results were returned by the query.
	at org.postgresql.jdbc.PgPreparedStatement.executeQuery(PgPreparedStatement.java:115)
	at ru.bashirov.fjproj.service.barcode.dao.BarcodeDao.addBarcode(BarcodeDao.java:35)
	at ru.bashirov.fjproj.service.barcode.controller.BarcodeController.processAddBarcode(BarcodeController.java:127)
	at ru.bashirov.fjproj.service.barcode.controller.BarcodeController.addBarcode(BarcodeController.java:74)
	at sun.reflect.NativeMethodAccessorImpl.invoke0(Native Method)
	at sun.reflect.NativeMethodAccessorImpl.invoke(NativeMethodAccessorImpl.java:62)
	at sun.reflect.DelegatingMethodAccessorImpl.invoke(DelegatingMethodAccessorImpl.java:43)
	at java.lang.reflect.Method.invoke(Method.java:498)
	at org.springframework.web.method.support.InvocableHandlerMethod.doInvoke(InvocableHandlerMethod.java:197)
	at org.springframework.web.method.support.InvocableHandlerMethod.invokeForRequest(InvocableHandlerMethod.java:141)
	at org.springframework.web.servlet.mvc.method.annotation.ServletInvocableHandlerMethod.invokeAndHandle(ServletInvocableHandlerMethod.java:106)
	at org.springframework.web.servlet.mvc.method.annotation.RequestMappingHandlerAdapter.invokeHandlerMethod(RequestMappingHandlerAdapter.java:894)
	at org.springframework.web.servlet.mvc.method.annotation.RequestMappingHandlerAdapter.handleInternal(RequestMappingHandlerAdapter.java:808)
	at org.springframework.web.servlet.mvc.method.AbstractHandlerMethodAdapter.handle(AbstractHandlerMethodAdapter.java:87)
	at org.springframework.web.servlet.DispatcherServlet.doDispatch(DispatcherServlet.java:1060)
	at org.springframework.web.servlet.DispatcherServlet.doService(DispatcherServlet.java:962)
	at org.springframework.web.servlet.FrameworkServlet.processRequest(FrameworkServlet.java:1006)
	at org.springframework.web.servlet.FrameworkServlet.doGet(FrameworkServlet.java:898)
	at javax.servlet.http.HttpServlet.service(HttpServlet.java:626)
	at org.springframework.web.servlet.FrameworkServlet.service(FrameworkServlet.java:883)
	at javax.servlet.http.HttpServlet.service(HttpServlet.java:733)
	at org.apache.catalina.core.ApplicationFilterChain.internalDoFilter(ApplicationFilterChain.java:227)
	at org.apache.catalina.core.ApplicationFilterChain.doFilter(ApplicationFilterChain.java:162)
	at org.apache.tomcat.websocket.server.WsFilter.doFilter(WsFilter.java:53)
	at org.apache.catalina.core.ApplicationFilterChain.internalDoFilter(ApplicationFilterChain.java:189)
	at org.apache.catalina.core.ApplicationFilterChain.doFilter(ApplicationFilterChain.java:162)
	at org.springframework.web.filter.RequestContextFilter.doFilterInternal(RequestContextFilter.java:100)
	at org.springframework.web.filter.OncePerRequestFilter.doFilter(OncePerRequestFilter.java:119)
	at org.apache.catalina.core.ApplicationFilterChain.internalDoFilter(ApplicationFilterChain.java:189)
	at org.apache.catalina.core.ApplicationFilterChain.doFilter(ApplicationFilterChain.java:162)
	at org.springframework.web.filter.FormContentFilter.doFilterInternal(FormContentFilter.java:93)
	at org.springframework.web.filter.OncePerRequestFilter.doFilter(OncePerRequestFilter.java:119)
	at org.apache.catalina.core.ApplicationFilterChain.internalDoFilter(ApplicationFilterChain.java:189)
	at org.apache.catalina.core.ApplicationFilterChain.doFilter(ApplicationFilterChain.java:162)
	at org.springframework.web.filter.CharacterEncodingFilter.doFilterInternal(CharacterEncodingFilter.java:201)
	at org.springframework.web.filter.OncePerRequestFilter.doFilter(OncePerRequestFilter.java:119)
	at org.apache.catalina.core.ApplicationFilterChain.internalDoFilter(ApplicationFilterChain.java:189)
	at org.apache.catalina.core.ApplicationFilterChain.doFilter(ApplicationFilterChain.java:162)
	at org.apache.catalina.core.StandardWrapperValve.invoke(StandardWrapperValve.java:202)
	at org.apache.catalina.core.StandardContextValve.invoke(StandardContextValve.java:97)
	at org.apache.catalina.authenticator.AuthenticatorBase.invoke(AuthenticatorBase.java:542)
	at org.apache.catalina.core.StandardHostValve.invoke(StandardHostValve.java:143)
	at org.apache.catalina.valves.ErrorReportValve.invoke(ErrorReportValve.java:92)
	at org.apache.catalina.core.StandardEngineValve.invoke(StandardEngineValve.java:78)
	at org.apache.catalina.connector.CoyoteAdapter.service(CoyoteAdapter.java:357)
	at org.apache.coyote.http11.Http11Processor.service(Http11Processor.java:374)
	at org.apache.coyote.AbstractProcessorLight.process(AbstractProcessorLight.java:65)
	at org.apache.coyote.AbstractProtocol$ConnectionHandler.process(AbstractProtocol.java:893)
	at org.apache.tomcat.util.net.NioEndpoint$SocketProcessor.doRun(NioEndpoint.java:1707)
	at org.apache.tomcat.util.net.SocketProcessorBase.run(SocketProcessorBase.java:49)
	at java.util.concurrent.ThreadPoolExecutor.runWorker(ThreadPoolExecutor.java:1149)
	at java.util.concurrent.ThreadPoolExecutor$Worker.run(ThreadPoolExecutor.java:624)
	at org.apache.tomcat.util.threads.TaskThread$WrappingRunnable.run(TaskThread.java:61)
	at java.lang.Thread.run(Thread.java:748)
2022-01-18 14:15:02,928 INFO  SpringContextShutdownHook ThreadPoolTaskExecutor : shutdown : 218 - Shutting down ExecutorService 'applicationTaskExecutor'
2022-01-18 14:15:05,727 INFO  main BarcodeApplication : logStarting : 55 - Starting BarcodeApplication using Java 1.8.0_312 on ruslan-System-Product-Name with PID 25388 (/home/ruslan/petProjects/MyPetProjects/Barcode/barcode-spring/target/classes started by ruslan in /home/ruslan/petProjects/MyPetProjects/Barcode)
2022-01-18 14:15:05,729 DEBUG main BarcodeApplication : logStarting : 56 - Running with Spring Boot v2.4.5, Spring v5.3.6
2022-01-18 14:15:05,729 INFO  main BarcodeApplication : logStartupProfileInfo : 675 - No active profile set, falling back to default profiles: default
2022-01-18 14:15:06,152 INFO  main TomcatWebServer : initialize : 108 - Tomcat initialized with port(s): 8081 (http)
2022-01-18 14:15:06,156 INFO  main Http11NioProtocol : log : 173 - Initializing ProtocolHandler ["http-nio-8081"]
2022-01-18 14:15:06,157 INFO  main StandardService : log : 173 - Starting service [Tomcat]
2022-01-18 14:15:06,157 INFO  main StandardEngine : log : 173 - Starting Servlet engine: [Apache Tomcat/9.0.45]
2022-01-18 14:15:06,183 INFO  main [/] : log : 173 - Initializing Spring embedded WebApplicationContext
2022-01-18 14:15:06,183 INFO  main ServletWebServerApplicationContext : prepareWebApplicationContext : 289 - Root WebApplicationContext: initialization completed in 422 ms
2022-01-18 14:15:06,268 INFO  main ThreadPoolTaskExecutor : initialize : 181 - Initializing ExecutorService 'applicationTaskExecutor'
2022-01-18 14:15:06,360 INFO  main Http11NioProtocol : log : 173 - Starting ProtocolHandler ["http-nio-8081"]
2022-01-18 14:15:06,366 INFO  main TomcatWebServer : start : 220 - Tomcat started on port(s): 8081 (http) with context path ''
2022-01-18 14:15:06,373 INFO  main BarcodeApplication : logStarted : 61 - Started BarcodeApplication in 0.852 seconds (JVM running for 1.218)
2022-01-18 14:15:16,485 INFO  http-nio-8081-exec-1 [/] : log : 173 - Initializing Spring DispatcherServlet 'dispatcherServlet'
2022-01-18 14:15:16,485 INFO  http-nio-8081-exec-1 DispatcherServlet : initServletBean : 525 - Initializing Servlet 'dispatcherServlet'
2022-01-18 14:15:16,486 INFO  http-nio-8081-exec-1 DispatcherServlet : initServletBean : 547 - Completed initialization in 1 ms
2022-01-18 14:15:16,670 DEBUG http-nio-8081-exec-1 BarcodeDao : addBarcode : 37 - added barcode with type 2 and id 115
2022-01-18 14:18:27,970 ERROR http-nio-8081-exec-5 BarcodeController : processGetBarcodeBytes : 112 - SQLException
org.postgresql.util.PSQLException: ERROR: relation "erto_bld" does not exist
  Position: 35
	at org.postgresql.core.v3.QueryExecutorImpl.receiveErrorResponse(QueryExecutorImpl.java:2553)
	at org.postgresql.core.v3.QueryExecutorImpl.processResults(QueryExecutorImpl.java:2285)
	at org.postgresql.core.v3.QueryExecutorImpl.execute(QueryExecutorImpl.java:323)
	at org.postgresql.jdbc.PgStatement.executeInternal(PgStatement.java:481)
	at org.postgresql.jdbc.PgStatement.execute(PgStatement.java:401)
	at org.postgresql.jdbc.PgPreparedStatement.executeWithFlags(PgPreparedStatement.java:164)
	at org.postgresql.jdbc.PgCallableStatement.executeWithFlags(PgCallableStatement.java:83)
	at org.postgresql.jdbc.PgPreparedStatement.execute(PgPreparedStatement.java:153)
	at ru.bashirov.fjproj.service.barcode.dao.BarcodeDao.getInfoByBuildingId(BarcodeDao.java:91)
	at ru.bashirov.fjproj.service.barcode.controller.BarcodeController.processGetBarcodeBytes(BarcodeController.java:93)
	at ru.bashirov.fjproj.service.barcode.controller.BarcodeController.getBarcodeImage(BarcodeController.java:43)
	at sun.reflect.NativeMethodAccessorImpl.invoke0(Native Method)
	at sun.reflect.NativeMethodAccessorImpl.invoke(NativeMethodAccessorImpl.java:62)
	at sun.reflect.DelegatingMethodAccessorImpl.invoke(DelegatingMethodAccessorImpl.java:43)
	at java.lang.reflect.Method.invoke(Method.java:498)
	at org.springframework.web.method.support.InvocableHandlerMethod.doInvoke(InvocableHandlerMethod.java:197)
	at org.springframework.web.method.support.InvocableHandlerMethod.invokeForRequest(InvocableHandlerMethod.java:141)
	at org.springframework.web.servlet.mvc.method.annotation.ServletInvocableHandlerMethod.invokeAndHandle(ServletInvocableHandlerMethod.java:106)
	at org.springframework.web.servlet.mvc.method.annotation.RequestMappingHandlerAdapter.invokeHandlerMethod(RequestMappingHandlerAdapter.java:894)
	at org.springframework.web.servlet.mvc.method.annotation.RequestMappingHandlerAdapter.handleInternal(RequestMappingHandlerAdapter.java:808)
	at org.springframework.web.servlet.mvc.method.AbstractHandlerMethodAdapter.handle(AbstractHandlerMethodAdapter.java:87)
	at org.springframework.web.servlet.DispatcherServlet.doDispatch(DispatcherServlet.java:1060)
	at org.springframework.web.servlet.DispatcherServlet.doService(DispatcherServlet.java:962)
	at org.springframework.web.servlet.FrameworkServlet.processRequest(FrameworkServlet.java:1006)
	at org.springframework.web.servlet.FrameworkServlet.doGet(FrameworkServlet.java:898)
	at javax.servlet.http.HttpServlet.service(HttpServlet.java:626)
	at org.springframework.web.servlet.FrameworkServlet.service(FrameworkServlet.java:883)
	at javax.servlet.http.HttpServlet.service(HttpServlet.java:733)
	at org.apache.catalina.core.ApplicationFilterChain.internalDoFilter(ApplicationFilterChain.java:227)
	at org.apache.catalina.core.ApplicationFilterChain.doFilter(ApplicationFilterChain.java:162)
	at org.apache.tomcat.websocket.server.WsFilter.doFilter(WsFilter.java:53)
	at org.apache.catalina.core.ApplicationFilterChain.internalDoFilter(ApplicationFilterChain.java:189)
	at org.apache.catalina.core.ApplicationFilterChain.doFilter(ApplicationFilterChain.java:162)
	at org.springframework.web.filter.RequestContextFilter.doFilterInternal(RequestContextFilter.java:100)
	at org.springframework.web.filter.OncePerRequestFilter.doFilter(OncePerRequestFilter.java:119)
	at org.apache.catalina.core.ApplicationFilterChain.internalDoFilter(ApplicationFilterChain.java:189)
	at org.apache.catalina.core.ApplicationFilterChain.doFilter(ApplicationFilterChain.java:162)
	at org.springframework.web.filter.FormContentFilter.doFilterInternal(FormContentFilter.java:93)
	at org.springframework.web.filter.OncePerRequestFilter.doFilter(OncePerRequestFilter.java:119)
	at org.apache.catalina.core.ApplicationFilterChain.internalDoFilter(ApplicationFilterChain.java:189)
	at org.apache.catalina.core.ApplicationFilterChain.doFilter(ApplicationFilterChain.java:162)
	at org.springframework.web.filter.CharacterEncodingFilter.doFilterInternal(CharacterEncodingFilter.java:201)
	at org.springframework.web.filter.OncePerRequestFilter.doFilter(OncePerRequestFilter.java:119)
	at org.apache.catalina.core.ApplicationFilterChain.internalDoFilter(ApplicationFilterChain.java:189)
	at org.apache.catalina.core.ApplicationFilterChain.doFilter(ApplicationFilterChain.java:162)
	at org.apache.catalina.core.StandardWrapperValve.invoke(StandardWrapperValve.java:202)
	at org.apache.catalina.core.StandardContextValve.invoke(StandardContextValve.java:97)
	at org.apache.catalina.authenticator.AuthenticatorBase.invoke(AuthenticatorBase.java:542)
	at org.apache.catalina.core.StandardHostValve.invoke(StandardHostValve.java:143)
	at org.apache.catalina.valves.ErrorReportValve.invoke(ErrorReportValve.java:92)
	at org.apache.catalina.core.StandardEngineValve.invoke(StandardEngineValve.java:78)
	at org.apache.catalina.connector.CoyoteAdapter.service(CoyoteAdapter.java:357)
	at org.apache.coyote.http11.Http11Processor.service(Http11Processor.java:374)
	at org.apache.coyote.AbstractProcessorLight.process(AbstractProcessorLight.java:65)
	at org.apache.coyote.AbstractProtocol$ConnectionHandler.process(AbstractProtocol.java:893)
	at org.apache.tomcat.util.net.NioEndpoint$SocketProcessor.doRun(NioEndpoint.java:1707)
	at org.apache.tomcat.util.net.SocketProcessorBase.run(SocketProcessorBase.java:49)
	at java.util.concurrent.ThreadPoolExecutor.runWorker(ThreadPoolExecutor.java:1149)
	at java.util.concurrent.ThreadPoolExecutor$Worker.run(ThreadPoolExecutor.java:624)
	at org.apache.tomcat.util.threads.TaskThread$WrappingRunnable.run(TaskThread.java:61)
	at java.lang.Thread.run(Thread.java:748)
2022-01-18 14:20:49,859 INFO  SpringContextShutdownHook ThreadPoolTaskExecutor : shutdown : 218 - Shutting down ExecutorService 'applicationTaskExecutor'
2022-01-18 14:20:52,852 INFO  main BarcodeApplication : logStarting : 55 - Starting BarcodeApplication using Java 1.8.0_312 on ruslan-System-Product-Name with PID 25788 (/home/ruslan/petProjects/MyPetProjects/Barcode/barcode-spring/target/classes started by ruslan in /home/ruslan/petProjects/MyPetProjects/Barcode)
2022-01-18 14:20:52,854 DEBUG main BarcodeApplication : logStarting : 56 - Running with Spring Boot v2.4.5, Spring v5.3.6
2022-01-18 14:20:52,862 INFO  main BarcodeApplication : logStartupProfileInfo : 675 - No active profile set, falling back to default profiles: default
2022-01-18 14:20:53,294 INFO  main TomcatWebServer : initialize : 108 - Tomcat initialized with port(s): 8081 (http)
2022-01-18 14:20:53,298 INFO  main Http11NioProtocol : log : 173 - Initializing ProtocolHandler ["http-nio-8081"]
2022-01-18 14:20:53,299 INFO  main StandardService : log : 173 - Starting service [Tomcat]
2022-01-18 14:20:53,299 INFO  main StandardEngine : log : 173 - Starting Servlet engine: [Apache Tomcat/9.0.45]
2022-01-18 14:20:53,326 INFO  main [/] : log : 173 - Initializing Spring embedded WebApplicationContext
2022-01-18 14:20:53,326 INFO  main ServletWebServerApplicationContext : prepareWebApplicationContext : 289 - Root WebApplicationContext: initialization completed in 433 ms
2022-01-18 14:20:53,409 INFO  main ThreadPoolTaskExecutor : initialize : 181 - Initializing ExecutorService 'applicationTaskExecutor'
2022-01-18 14:20:53,502 INFO  main Http11NioProtocol : log : 173 - Starting ProtocolHandler ["http-nio-8081"]
2022-01-18 14:20:53,510 INFO  main TomcatWebServer : start : 220 - Tomcat started on port(s): 8081 (http) with context path ''
2022-01-18 14:20:53,520 INFO  main BarcodeApplication : logStarted : 61 - Started BarcodeApplication in 0.874 seconds (JVM running for 1.233)
2022-01-18 14:20:58,309 INFO  http-nio-8081-exec-2 [/] : log : 173 - Initializing Spring DispatcherServlet 'dispatcherServlet'
2022-01-18 14:20:58,309 INFO  http-nio-8081-exec-2 DispatcherServlet : initServletBean : 525 - Initializing Servlet 'dispatcherServlet'
2022-01-18 14:20:58,310 INFO  http-nio-8081-exec-2 DispatcherServlet : initServletBean : 547 - Completed initialization in 1 ms
2022-01-18 14:20:58,485 DEBUG http-nio-8081-exec-2 BarcodeDao : getInfoByBuildingId : 101 - got additional info for passport_id 115
2022-01-18 14:20:58,519 DEBUG http-nio-8081-exec-2 BarcodeGenerator : getImage : 45 - created DATA_MATRIX image with text: {"type":2,"id":115,"invNumber":"42134","netNumber":"5646"}
2022-01-18 14:20:58,536 DEBUG http-nio-8081-exec-2 BarcodeDao : addUserVisit : 54 - added user getting barcode with userId 6
2022-01-18 14:21:05,483 INFO  SpringContextShutdownHook ThreadPoolTaskExecutor : shutdown : 218 - Shutting down ExecutorService 'applicationTaskExecutor'
